\BOOKMARK [0][-]{chapter.1}{\376\377\000H\000i\000s\000t\000o\000r\000i\000c\000a\000l\000\040\000C\000o\000n\000t\000e\000x\000t}{}% 1
\BOOKMARK [0][-]{chapter.2}{\376\377\000T\000h\000e\000\040\000H\000e\000u\000r\000i\000s\000t\000i\000c\000\040\000A\000r\000g\000u\000m\000e\000n\000t}{}% 2
\BOOKMARK [0][-]{chapter.3}{\376\377\000Q\000u\000a\000d\000r\000a\000t\000i\000c\000\040\000D\000o\000u\000b\000l\000e\000\040\000D\000i\000r\000i\000c\000h\000l\000e\000t\000\040\000S\000e\000r\000i\000e\000s\000\040\000I\000:\000\040\000T\000h\000e\000\040\000F\000u\000n\000c\000t\000i\000o\000n\000\040\000F\000i\000e\000l\000d\000\040\000C\000a\000s\000e}{}% 3
\BOOKMARK [1][-]{section.3.1}{\376\377\000P\000r\000e\000l\000i\000m\000i\000n\000a\000r\000i\000e\000s}{chapter.3}% 4
\BOOKMARK [1][-]{section.3.2}{\376\377\000T\000h\000e\000\040\000Q\000u\000a\000d\000r\000a\000t\000i\000c\000\040\000D\000o\000u\000b\000l\000e\000\040\000D\000i\000r\000i\000c\000h\000l\000e\000t\000\040\000S\000e\000r\000i\000e\000s}{chapter.3}% 5
\BOOKMARK [1][-]{section.3.3}{\376\377\000T\000h\000e\000\040\000I\000n\000t\000e\000r\000c\000h\000a\000n\000g\000e}{chapter.3}% 6
\BOOKMARK [1][-]{section.3.4}{\376\377\000W\000e\000i\000g\000h\000t\000i\000n\000g\000\040\000T\000e\000r\000m\000s}{chapter.3}% 7
\BOOKMARK [1][-]{section.3.5}{\376\377\000F\000u\000n\000c\000t\000i\000o\000n\000a\000l\000\040\000E\000q\000u\000a\000t\000i\000o\000n\000s}{chapter.3}% 8
\BOOKMARK [1][-]{section.3.6}{\376\377\000M\000e\000r\000o\000m\000o\000r\000p\000h\000i\000c\000\040\000C\000o\000n\000t\000i\000n\000u\000a\000t\000i\000o\000n}{chapter.3}% 9
\BOOKMARK [1][-]{section.3.7}{\376\377\000P\000o\000l\000e\000s\000\040\000a\000n\000d\000\040\000R\000e\000s\000i\000d\000u\000e\000s}{chapter.3}% 10
\BOOKMARK [1][-]{section.3.8}{\376\377\000A\000n\000\040\000A\000p\000p\000l\000i\000c\000a\000t\000i\000o\000n}{chapter.3}% 11
\BOOKMARK [1][-]{section.3.9}{\376\377\000Z\000\050\000s\000,\000w\000\051\000\040\000a\000s\000\040\000a\000\040\000R\000a\000t\000i\000o\000n\000a\000l\000\040\000F\000u\000n\000c\000t\000i\000o\000n}{chapter.3}% 12
\BOOKMARK [0][-]{chapter.4}{\376\377\000Q\000u\000a\000d\000r\000a\000t\000i\000c\000\040\000D\000o\000u\000b\000l\000e\000\040\000D\000i\000r\000i\000c\000h\000l\000e\000t\000\040\000S\000e\000r\000i\000e\000s\000\040\000I\000I\000:\000\040\000T\000h\000e\000\040\000N\000u\000m\000b\000e\000r\000\040\000F\000i\000e\000l\000d\000\040\000C\000a\000s\000e}{}% 13
\BOOKMARK [1][-]{section.4.1}{\376\377\000P\000r\000e\000l\000i\000m\000i\000n\000a\000r\000i\000e\000s}{chapter.4}% 14
\BOOKMARK [1][-]{section.4.2}{\376\377\000T\000h\000e\000\040\000Q\000u\000a\000d\000r\000a\000t\000i\000c\000\040\000D\000o\000u\000b\000l\000e\000\040\000D\000i\000r\000i\000c\000h\000l\000e\000t\000\040\000S\000e\000r\000i\000e\000s}{chapter.4}% 15
\BOOKMARK [1][-]{section.4.3}{\376\377\000T\000h\000e\000\040\000I\000n\000t\000e\000r\000c\000h\000a\000n\000g\000e}{chapter.4}% 16
\BOOKMARK [1][-]{section.4.4}{\376\377\000W\000e\000i\000g\000h\000t\000i\000n\000g\000\040\000T\000e\000r\000m\000s}{chapter.4}% 17
\BOOKMARK [1][-]{section.4.5}{\376\377\000F\000u\000n\000c\000t\000i\000o\000n\000a\000l\000\040\000E\000q\000u\000a\000t\000i\000o\000n\000s}{chapter.4}% 18
\BOOKMARK [1][-]{section.4.6}{\376\377\000M\000e\000r\000o\000m\000o\000r\000p\000h\000i\000c\000\040\000C\000o\000n\000t\000i\000n\000u\000a\000t\000i\000o\000n}{chapter.4}% 19
\BOOKMARK [1][-]{section.4.7}{\376\377\000P\000o\000l\000e\000s\000\040\000a\000n\000d\000\040\000R\000e\000s\000i\000d\000u\000e\000s}{chapter.4}% 20
\BOOKMARK [0][-]{chapter.5}{\376\377\000A\000\040\000R\000o\000o\000t\000\040\000S\000y\000s\000t\000e\000m\000s\000\040\000P\000r\000i\000m\000e\000r}{}% 21
\BOOKMARK [1][-]{section.5.1}{\376\377\000E\000u\000c\000l\000i\000d\000e\000a\000n\000\040\000V\000e\000c\000t\000o\000r\000\040\000S\000p\000a\000c\000e\000s}{chapter.5}% 22
\BOOKMARK [1][-]{section.5.2}{\376\377\000P\000a\000i\000r\000s\000\040\000o\000f\000\040\000R\000o\000o\000t\000s}{chapter.5}% 23
\BOOKMARK [1][-]{section.5.3}{\376\377\000B\000a\000s\000e\000s\000\040\000a\000n\000d\000\040\000W\000e\000y\000l\000\040\000C\000h\000a\000m\000b\000e\000r\000s}{chapter.5}% 24
\BOOKMARK [1][-]{section.5.4}{\376\377\000T\000h\000e\000\040\000W\000e\000y\000l\000\040\000G\000r\000o\000u\000p}{chapter.5}% 25
\BOOKMARK [1][-]{section.5.5}{\376\377\000I\000r\000r\000e\000d\000u\000c\000i\000b\000l\000e\000\040\000R\000o\000o\000t\000\040\000S\000y\000s\000t\000e\000m\000s}{chapter.5}% 26
\BOOKMARK [1][-]{section.5.6}{\376\377\000D\000y\000n\000k\000i\000n\000\040\000D\000i\000a\000g\000r\000a\000m\000s\000\040\000\046\000\040\000C\000l\000a\000s\000s\000i\000f\000i\000c\000a\000t\000i\000o\000n}{chapter.5}% 27
\BOOKMARK [0][-]{chapter.6}{\376\377\000Q\000u\000a\000d\000r\000a\000t\000i\000c\000\040\000W\000e\000y\000l\000\040\000G\000r\000o\000u\000p\000\040\000M\000u\000l\000t\000i\000p\000l\000e\000\040\000D\000i\000r\000i\000c\000h\000l\000e\000t\000\040\000S\000e\000r\000i\000e\000s\000\040\000O\000v\000e\000r\000\040\000F\000u\000n\000c\000t\000i\000o\000n\000\040\000F\000i\000e\000l\000d\000s}{}% 28
\BOOKMARK [1][-]{section.6.1}{\376\377\000P\000r\000e\000l\000i\000m\000i\000n\000a\000r\000i\000e\000s}{chapter.6}% 29
\BOOKMARK [1][-]{section.6.2}{\376\377\000T\000h\000e\000\040\000C\000h\000i\000n\000t\000a\000-\000G\000u\000n\000n\000e\000l\000l\000s\000\040\000C\000o\000n\000s\000t\000r\000u\000c\000t\000i\000o\000n}{chapter.6}% 30
\BOOKMARK [1][-]{section.6.3}{\376\377\000P\000r\000o\000p\000e\000r\000t\000i\000e\000s\000\040\000o\000f\000\040\000T\000h\000e\000\040\000C\000h\000i\000n\000t\000a\000-\000G\000u\000n\000n\000e\000l\000l\000s\000\040\000A\000v\000e\000r\000a\000g\000e}{chapter.6}% 31
\BOOKMARK [1][-]{section.6.4}{\376\377\000T\000h\000e\000\040\000W\000e\000y\000l\000\040\000G\000r\000o\000u\000p\000\040\000M\000u\000l\000t\000i\000p\000l\000e\000\040\000D\000i\000r\000i\000c\000h\000l\000e\000t\000\040\000S\000e\000r\000i\000e\000s}{chapter.6}% 32
\BOOKMARK [1][-]{section.6.5}{\376\377\000C\000o\000r\000r\000e\000c\000t\000i\000o\000n\000\040\000p\000o\000l\000y\000n\000o\000m\000i\000a\000l\000s}{chapter.6}% 33
\BOOKMARK [1][-]{section.6.6}{\376\377\000F\000u\000n\000c\000t\000i\000o\000n\000a\000l\000\040\000E\000q\000u\000a\000t\000i\000o\000n\000s}{chapter.6}% 34
\BOOKMARK [1][-]{section.6.7}{\376\377\000M\000e\000r\000o\000m\000o\000r\000p\000h\000i\000c\000\040\000C\000o\000n\000t\000i\000n\000u\000a\000t\000i\000o\000n}{chapter.6}% 35
\BOOKMARK [1][-]{section.6.8}{\376\377\000A\000\040\000W\000o\000r\000k\000e\000d\000\040\000E\000x\000a\000m\000p\000l\000e\000\040\000f\000o\000r\000\040\000A\0002}{chapter.6}% 36
\BOOKMARK [0][-]{chapter.7}{\376\377\000O\000t\000h\000e\000r\000\040\000W\000e\000y\000l\000\040\000G\000r\000o\000u\000p\000\040\000M\000u\000l\000t\000i\000p\000l\000e\000\040\000D\000i\000r\000i\000c\000h\000l\000e\000t\000\040\000S\000e\000r\000i\000e\000s}{}% 37
\BOOKMARK [0][-]{chapter.8}{\376\377\000A\000p\000p\000l\000i\000c\000a\000t\000i\000o\000n\000s}{}% 38
