\BOOKMARK [-1][-]{part.1}{\376\377\000I\000\040\000F\000o\000u\000n\000d\000a\000t\000i\000o\000n\000s}{}% 1
\BOOKMARK [0][-]{chapter.1}{\376\377\000P\000r\000e\000l\000i\000m\000i\000n\000a\000r\000i\000e\000s}{part.1}% 2
\BOOKMARK [1][-]{section.1.1}{\376\377\000N\000o\000t\000a\000t\000i\000o\000n\000a\000l\000\040\000C\000o\000n\000v\000e\000n\000t\000i\000o\000n\000s}{chapter.1}% 3
\BOOKMARK [1][-]{section.1.2}{\376\377\000A\000s\000y\000m\000p\000t\000o\000t\000i\000c\000s}{chapter.1}% 4
\BOOKMARK [0][-]{chapter.2}{\376\377\000A\000r\000i\000t\000h\000m\000e\000t\000i\000c\000\040\000T\000o\000o\000l\000s}{part.1}% 5
\BOOKMARK [1][-]{section.2.1}{\376\377\000A\000r\000i\000t\000h\000m\000e\000t\000i\000c\000\040\000F\000u\000n\000c\000t\000i\000o\000n\000s}{chapter.2}% 6
\BOOKMARK [1][-]{section.2.2}{\376\377\000D\000i\000r\000i\000c\000h\000l\000e\000t\000\040\000C\000h\000a\000r\000a\000c\000t\000e\000r\000s}{chapter.2}% 7
\BOOKMARK [1][-]{section.2.3}{\376\377\000E\000x\000p\000o\000n\000e\000n\000t\000i\000a\000l\000\040\000S\000u\000m\000s}{chapter.2}% 8
\BOOKMARK [0][-]{chapter.3}{\376\377\000G\000e\000o\000m\000e\000t\000r\000i\000c\000\040\000T\000o\000o\000l\000s}{part.1}% 9
\BOOKMARK [1][-]{section.3.1}{\376\377\000I\000n\000t\000e\000g\000r\000a\000l\000\040\000L\000a\000t\000t\000i\000c\000e\000s}{chapter.3}% 10
\BOOKMARK [0][-]{chapter.4}{\376\377\000A\000n\000a\000l\000y\000t\000i\000c\000\040\000T\000o\000o\000l\000s}{part.1}% 11
\BOOKMARK [1][-]{section.4.1}{\376\377\000S\000u\000m\000m\000a\000t\000i\000o\000n\000\040\000F\000o\000r\000m\000u\000l\000a\000s}{chapter.4}% 12
\BOOKMARK [1][-]{section.4.2}{\376\377\000C\000o\000m\000p\000l\000e\000x\000\040\000I\000n\000t\000e\000g\000r\000a\000t\000i\000o\000n\000\040\000T\000e\000c\000h\000n\000i\000q\000u\000e\000s}{chapter.4}% 13
\BOOKMARK [1][-]{section.4.3}{\376\377\000T\000h\000e\000\040\000F\000o\000u\000r\000i\000e\000r\000\040\000T\000r\000a\000n\000s\000f\000o\000r\000m}{chapter.4}% 14
\BOOKMARK [1][-]{section.4.4}{\376\377\000T\000h\000e\000\040\000M\000e\000l\000l\000i\000n\000\040\000T\000r\000a\000n\000s\000f\000o\000r\000m}{chapter.4}% 15
\BOOKMARK [1][-]{section.4.5}{\376\377\000T\000h\000e\000\040\000G\000a\000m\000m\000a\000\040\000F\000u\000n\000c\000t\000i\000o\000n}{chapter.4}% 16
\BOOKMARK [-1][-]{part.2}{\376\377\000I\000I\000\040\000D\000i\000r\000i\000c\000h\000l\000e\000t\000\040\000S\000e\000r\000i\000e\000s\000\040\000a\000n\000d\000\040\000L\000-\000f\000u\000n\000c\000t\000i\000o\000n\000s}{}% 17
\BOOKMARK [0][-]{chapter.5}{\376\377\000T\000h\000e\000\040\000T\000h\000e\000o\000r\000y\000\040\000o\000f\000\040\000D\000i\000r\000i\000c\000h\000l\000e\000t\000\040\000S\000e\000r\000i\000e\000s}{part.2}% 18
\BOOKMARK [1][-]{section.5.1}{\376\377\000A\000b\000s\000c\000i\000s\000s\000a\000s\000\040\000o\000f\000\040\000C\000o\000n\000v\000e\000r\000g\000e\000n\000c\000e}{chapter.5}% 19
\BOOKMARK [1][-]{section.5.2}{\376\377\000E\000u\000l\000e\000r\000\040\000P\000r\000o\000d\000u\000c\000t\000s\000\040\000a\000n\000d\000\040\000D\000i\000r\000i\000c\000h\000l\000e\000t\000\040\000C\000o\000n\000v\000o\000l\000u\000t\000i\000o\000n\000s}{chapter.5}% 20
\BOOKMARK [1][-]{section.5.3}{\376\377\000P\000e\000r\000r\000o\000n\000\040\000F\000o\000r\000m\000u\000l\000a\000s}{chapter.5}% 21
\BOOKMARK [0][-]{chapter.6}{\376\377\000T\000h\000e\000\040\000T\000h\000e\000o\000r\000y\000\040\000o\000f\000\040\000L\000-\000f\000u\000n\000c\000t\000i\000o\000n\000s}{part.2}% 22
\BOOKMARK [1][-]{section.6.1}{\376\377\000A\000n\000a\000l\000y\000t\000i\000c\000\040\000D\000a\000t\000a\000\040\000o\000f\000\040\000L\000-\000f\000u\000n\000c\000t\000i\000o\000n\000s}{chapter.6}% 23
\BOOKMARK [1][-]{section.6.2}{\376\377\000T\000h\000e\000\040\000A\000p\000p\000r\000o\000x\000i\000m\000a\000t\000e\000\040\000F\000u\000n\000c\000t\000i\000o\000n\000a\000l\000\040\000E\000q\000u\000a\000t\000i\000o\000n}{chapter.6}% 24
\BOOKMARK [1][-]{section.6.3}{\376\377\000T\000h\000e\000\040\000R\000i\000e\000m\000a\000n\000n\000\040\000H\000y\000p\000o\000t\000h\000e\000s\000i\000s\000\040\000a\000n\000d\000\040\000N\000o\000n\000t\000r\000i\000v\000i\000a\000l\000\040\000Z\000e\000r\000o\000s}{chapter.6}% 25
\BOOKMARK [1][-]{section.6.4}{\376\377\000T\000h\000e\000\040\000L\000i\000n\000d\000e\000l\000\366\000f\000\040\000H\000y\000p\000o\000t\000h\000e\000s\000i\000s\000\040\000a\000n\000d\000\040\000C\000o\000n\000v\000e\000x\000i\000t\000y\000\040\000B\000o\000u\000n\000d\000s}{chapter.6}% 26
\BOOKMARK [1][-]{section.6.5}{\376\377\000E\000s\000t\000i\000m\000a\000t\000e\000s\000\040\000o\000n\000\040\000t\000h\000e\000\040\000C\000r\000i\000t\000i\000c\000a\000l\000\040\000L\000i\000n\000e}{chapter.6}% 27
\BOOKMARK [1][-]{section.6.6}{\376\377\000L\000o\000g\000a\000r\000i\000t\000h\000m\000i\000c\000\040\000D\000e\000r\000i\000v\000a\000t\000i\000v\000e\000s}{chapter.6}% 28
\BOOKMARK [1][-]{section.6.7}{\376\377\000Z\000e\000r\000o\000\040\000D\000e\000n\000s\000i\000t\000y}{chapter.6}% 29
\BOOKMARK [1][-]{section.6.8}{\376\377\000A\000\040\000Z\000e\000r\000o\000-\000f\000r\000e\000e\000\040\000R\000e\000g\000i\000o\000n}{chapter.6}% 30
\BOOKMARK [1][-]{section.6.9}{\376\377\000T\000h\000e\000\040\000E\000x\000p\000l\000i\000c\000i\000t\000\040\000F\000o\000r\000m\000u\000l\000a}{chapter.6}% 31
\BOOKMARK [0][-]{chapter.7}{\376\377\000L\000-\000f\000u\000n\000c\000t\000i\000o\000n\000s\000\040\000o\000f\000\040\000A\000r\000i\000t\000h\000m\000e\000t\000i\000c\000\040\000F\000u\000n\000c\000t\000i\000o\000n\000s}{part.2}% 32
\BOOKMARK [1][-]{section.7.1}{\376\377\000T\000h\000e\000\040\000R\000i\000e\000m\000a\000n\000n\000\040\000Z\000e\000t\000a\000\040\000F\000u\000n\000c\000t\000i\000o\000n}{chapter.7}% 33
\BOOKMARK [1][-]{section.7.2}{\376\377\000D\000i\000r\000i\000c\000h\000l\000e\000t\000\040\000L\000-\000f\000u\000n\000c\000t\000i\000o\000n\000s}{chapter.7}% 34
\BOOKMARK [1][-]{section.7.3}{\376\377\000D\000i\000r\000i\000c\000h\000l\000e\000t\000'\000s\000\040\000T\000h\000e\000o\000r\000e\000m\000\040\000o\000n\000\040\000A\000r\000i\000t\000h\000m\000e\000t\000i\000c\000\040\000P\000r\000o\000g\000r\000e\000s\000s\000i\000o\000n\000s}{chapter.7}% 35
\BOOKMARK [1][-]{section.7.4}{\376\377\000S\000i\000e\000g\000e\000l\000'\000s\000\040\000T\000h\000e\000o\000r\000e\000m\000\040\000a\000n\000d\000\040\000S\000i\000e\000g\000e\000l\000\040\000Z\000e\000r\000o\000s}{chapter.7}% 36
\BOOKMARK [1][-]{section.7.5}{\376\377\000T\000h\000e\000\040\000B\000u\000r\000g\000e\000s\000s\000\040\000B\000o\000u\000n\000d\000\040\000f\000o\000r\000\040\000D\000i\000r\000i\000c\000h\000l\000e\000t\000\040\000L\000-\000f\000u\000n\000c\000t\000i\000o\000n\000s}{chapter.7}% 37
\BOOKMARK [1][-]{section.7.6}{\376\377\000T\000h\000e\000\040\000P\000r\000i\000m\000e\000\040\000N\000u\000m\000b\000e\000r\000\040\000T\000h\000e\000o\000r\000e\000m}{chapter.7}% 38
\BOOKMARK [1][-]{section.7.7}{\376\377\000T\000h\000e\000\040\000S\000i\000e\000g\000e\000l\000-\000W\000a\000l\000f\000i\000s\000z\000\040\000T\000h\000e\000o\000r\000e\000m}{chapter.7}% 39
\BOOKMARK [-1][-]{part.3}{\376\377\000I\000I\000I\000\040\000N\000u\000m\000b\000e\000r\000\040\000F\000i\000e\000l\000d\000s}{}% 40
\BOOKMARK [0][-]{chapter.8}{\376\377\000A\000l\000g\000e\000b\000r\000a\000i\000c\000\040\000I\000n\000t\000e\000g\000e\000r\000s}{part.3}% 41
\BOOKMARK [1][-]{section.8.1}{\376\377\000I\000n\000t\000e\000g\000r\000a\000l\000i\000t\000y}{chapter.8}% 42
\BOOKMARK [1][-]{section.8.2}{\376\377\000T\000r\000a\000c\000e\000s\000\040\000a\000n\000d\000\040\000N\000o\000r\000m\000s}{chapter.8}% 43
\BOOKMARK [1][-]{section.8.3}{\376\377\000D\000e\000d\000e\000k\000i\000n\000d\000\040\000D\000o\000m\000a\000i\000n\000s}{chapter.8}% 44
\BOOKMARK [1][-]{section.8.4}{\376\377\000L\000o\000c\000a\000l\000i\000z\000a\000t\000i\000o\000n}{chapter.8}% 45
\BOOKMARK [1][-]{section.8.5}{\376\377\000D\000e\000d\000e\000k\000i\000n\000d\000\040\000E\000x\000t\000e\000n\000s\000i\000o\000n\000s}{chapter.8}% 46
\BOOKMARK [1][-]{section.8.6}{\376\377\000G\000a\000l\000o\000i\000s\000\040\000E\000x\000t\000e\000n\000s\000i\000o\000n\000s}{chapter.8}% 47
\BOOKMARK [1][-]{section.8.7}{\376\377\000T\000h\000e\000\040\000D\000i\000f\000f\000e\000r\000e\000n\000t\000\040\000a\000n\000d\000\040\000D\000i\000s\000c\000r\000i\000m\000i\000n\000a\000n\000t}{chapter.8}% 48
\BOOKMARK [1][-]{section.8.8}{\376\377\000T\000h\000e\000\040\000I\000d\000e\000a\000l\000\040\000N\000o\000r\000m}{chapter.8}% 49
\BOOKMARK [0][-]{chapter.9}{\376\377\000G\000e\000o\000m\000e\000t\000r\000y\000\040\000o\000f\000\040\000N\000u\000m\000b\000e\000r\000\040\000F\000i\000e\000l\000d\000s}{part.3}% 50
\BOOKMARK [1][-]{section.9.1}{\376\377\000M\000i\000n\000k\000o\000w\000s\000k\000i\000\040\000S\000p\000a\000c\000e}{chapter.9}% 51
\BOOKMARK [1][-]{section.9.2}{\376\377\000F\000i\000n\000i\000t\000e\000n\000e\000s\000s\000\040\000o\000f\000\040\000t\000h\000e\000\040\000C\000l\000a\000s\000s\000\040\000N\000u\000m\000b\000e\000r}{chapter.9}% 52
\BOOKMARK [1][-]{section.9.3}{\376\377\000D\000i\000r\000i\000c\000h\000l\000e\000t\000'\000s\000\040\000U\000n\000i\000t\000\040\000T\000h\000e\000o\000r\000e\000m}{chapter.9}% 53
\BOOKMARK [0][-]{chapter.10}{\376\377\000Q\000u\000a\000d\000r\000a\000t\000i\000c\000\040\000a\000n\000d\000\040\000C\000y\000c\000l\000o\000t\000o\000m\000i\000c\000\040\000N\000u\000m\000b\000e\000r\000\040\000F\000i\000e\000l\000d\000s}{part.3}% 54
\BOOKMARK [1][-]{section.10.1}{\376\377\000Q\000u\000a\000d\000r\000a\000t\000i\000c\000\040\000N\000u\000m\000b\000e\000r\000\040\000F\000i\000e\000l\000d\000s}{chapter.10}% 55
\BOOKMARK [1][-]{section.10.2}{\376\377\000C\000y\000c\000l\000o\000t\000o\000m\000i\000c\000\040\000N\000u\000m\000b\000e\000r\000\040\000F\000i\000e\000l\000d\000s}{chapter.10}% 56
\BOOKMARK [0][-]{chapter.11}{\376\377\000L\000-\000f\000u\000n\000c\000t\000i\000o\000n\000s\000\040\000o\000f\000\040\000N\000u\000m\000b\000e\000r\000\040\000F\000i\000e\000l\000d\000s}{part.3}% 57
\BOOKMARK [1][-]{section.11.1}{\376\377\000D\000e\000d\000e\000k\000i\000n\000d\000\040\000Z\000e\000t\000a\000\040\000F\000u\000n\000c\000t\000i\000o\000n\000s}{chapter.11}% 58
\BOOKMARK [1][-]{section.11.2}{\376\377\000Q\000u\000a\000d\000r\000a\000t\000i\000c\000\040\000D\000e\000d\000e\000k\000i\000n\000d\000\040\000Z\000e\000t\000a\000\040\000F\000u\000n\000c\000t\000i\000o\000n\000s}{chapter.11}% 59
\BOOKMARK [1][-]{section.11.3}{\376\377\000C\000y\000c\000l\000o\000t\000o\000m\000i\000c\000\040\000D\000e\000d\000e\000k\000i\000n\000d\000\040\000Z\000e\000t\000a\000\040\000F\000u\000n\000c\000t\000i\000o\000n\000s}{chapter.11}% 60
\BOOKMARK [1][-]{section.11.4}{\376\377\000T\000h\000e\000\040\000C\000l\000a\000s\000s\000\040\000N\000u\000m\000b\000e\000r\000s\000\040\000o\000f\000\040\000Q\000u\000a\000d\000r\000a\000t\000i\000c\000\040\000N\000u\000m\000b\000e\000r\000\040\000F\000i\000e\000l\000d\000s}{chapter.11}% 61
\BOOKMARK [-1][-]{part.4}{\376\377\000I\000V\000\040\000H\000o\000l\000o\000m\000o\000r\000p\000h\000i\000c\000,\000\040\000A\000u\000t\000o\000m\000o\000r\000p\000h\000i\000c\000,\000\040\000a\000n\000d\000\040\000M\000a\000a\000s\000s\000\040\000F\000o\000r\000m\000s}{}% 62
\BOOKMARK [0][-]{chapter.12}{\376\377\000C\000o\000n\000g\000r\000u\000e\000n\000c\000e\000\040\000S\000u\000b\000g\000r\000o\000u\000p\000s\000\040\000a\000n\000d\000\040\000M\000o\000d\000u\000l\000a\000r\000\040\000C\000u\000r\000v\000e\000s}{part.4}% 63
\BOOKMARK [1][-]{section.12.1}{\376\377\000C\000o\000n\000g\000r\000u\000e\000n\000c\000e\000\040\000S\000u\000b\000g\000r\000o\000u\000p\000s}{chapter.12}% 64
\BOOKMARK [1][-]{section.12.2}{\376\377\000M\000o\000d\000u\000l\000a\000r\000\040\000C\000u\000r\000v\000e\000s}{chapter.12}% 65
\BOOKMARK [1][-]{section.12.3}{\376\377\000T\000h\000e\000\040\000H\000y\000p\000e\000r\000b\000o\000l\000i\000c\000\040\000M\000e\000a\000s\000u\000r\000e}{chapter.12}% 66
\BOOKMARK [0][-]{chapter.13}{\376\377\000T\000h\000e\000\040\000T\000h\000e\000o\000r\000y\000\040\000o\000f\000\040\000H\000o\000l\000o\000m\000o\000r\000p\000h\000i\000c\000\040\000F\000o\000r\000m\000s}{part.4}% 67
\BOOKMARK [1][-]{section.13.1}{\376\377\000H\000o\000l\000o\000m\000o\000r\000p\000h\000i\000c\000\040\000F\000o\000r\000m\000s}{chapter.13}% 68
\BOOKMARK [1][-]{section.13.2}{\376\377\000P\000o\000i\000n\000c\000a\000r\000\351\000\040\000a\000n\000d\000\040\000E\000i\000s\000e\000n\000s\000t\000e\000i\000n\000\040\000S\000e\000r\000i\000e\000s}{chapter.13}% 69
\BOOKMARK [1][-]{section.13.3}{\376\377\000I\000n\000n\000e\000r\000\040\000P\000r\000o\000d\000u\000c\000t\000\040\000S\000p\000a\000c\000e\000s\000\040\000o\000f\000\040\000H\000o\000l\000o\000m\000o\000r\000p\000h\000i\000c\000\040\000F\000o\000r\000m\000s}{chapter.13}% 70
\BOOKMARK [1][-]{section.13.4}{\376\377\000D\000o\000u\000b\000l\000e\000\040\000C\000o\000s\000e\000t\000\040\000O\000p\000e\000r\000a\000t\000o\000r\000s}{chapter.13}% 71
\BOOKMARK [1][-]{section.13.5}{\376\377\000D\000i\000a\000m\000o\000n\000d\000\040\000a\000n\000d\000\040\000H\000e\000c\000k\000e\000\040\000O\000p\000e\000r\000a\000t\000o\000r\000s}{chapter.13}% 72
\BOOKMARK [1][-]{section.13.6}{\376\377\000A\000t\000k\000i\000n\000-\000L\000e\000h\000n\000e\000r\000\040\000T\000h\000e\000o\000r\000y}{chapter.13}% 73
\BOOKMARK [1][-]{section.13.7}{\376\377\000T\000h\000e\000\040\000R\000a\000m\000a\000n\000u\000j\000a\000n\000-\000P\000e\000t\000e\000r\000s\000s\000o\000n\000\040\000C\000o\000n\000j\000e\000c\000t\000u\000r\000e}{chapter.13}% 74
\BOOKMARK [1][-]{section.13.8}{\376\377\000T\000w\000i\000s\000t\000s\000\040\000o\000f\000\040\000H\000o\000l\000o\000m\000o\000r\000p\000h\000i\000c\000\040\000F\000o\000r\000m\000s}{chapter.13}% 75
\BOOKMARK [0][-]{chapter.14}{\376\377\000T\000h\000e\000\040\000T\000h\000e\000o\000r\000y\000\040\000o\000f\000\040\000A\000u\000t\000o\000m\000o\000r\000p\000h\000i\000c\000\040\000a\000n\000d\000\040\000M\000a\000a\000s\000s\000\040\000F\000o\000r\000m\000s}{part.4}% 76
\BOOKMARK [1][-]{section.14.1}{\376\377\000A\000u\000t\000o\000m\000o\000r\000p\000h\000i\000c\000\040\000a\000n\000d\000\040\000M\000a\000a\000s\000s\000\040\000F\000o\000r\000m\000s}{chapter.14}% 77
\BOOKMARK [1][-]{section.14.2}{\376\377\000P\000o\000i\000n\000c\000a\000r\000\351\000\040\000a\000n\000d\000\040\000E\000i\000s\000e\000n\000s\000t\000e\000i\000n\000\040\000S\000e\000r\000i\000e\000s}{chapter.14}% 78
\BOOKMARK [1][-]{section.14.3}{\376\377\000I\000n\000n\000e\000r\000\040\000P\000r\000o\000d\000u\000c\000t\000\040\000S\000p\000a\000c\000e\000s\000\040\000o\000f\000\040\000A\000u\000t\000o\000m\000o\000r\000p\000h\000i\000c\000\040\000F\000u\000n\000c\000t\000i\000o\000n\000s}{chapter.14}% 79
\BOOKMARK [1][-]{section.14.4}{\376\377\000S\000p\000e\000c\000t\000r\000a\000l\000\040\000T\000h\000e\000o\000r\000y\000\040\000o\000f\000\040\000t\000h\000e\000\040\000L\000a\000p\000l\000a\000c\000e\000\040\000O\000p\000e\000r\000a\000t\000o\000r}{chapter.14}% 80
\BOOKMARK [1][-]{section.14.5}{\376\377\000D\000o\000u\000b\000l\000e\000\040\000C\000o\000s\000e\000t\000\040\000O\000p\000e\000r\000a\000t\000o\000r\000s}{chapter.14}% 81
\BOOKMARK [1][-]{section.14.6}{\376\377\000D\000i\000a\000m\000o\000n\000d\000\040\000a\000n\000d\000\040\000H\000e\000c\000k\000e\000\040\000O\000p\000e\000r\000a\000t\000o\000r\000s}{chapter.14}% 82
\BOOKMARK [1][-]{section.14.7}{\376\377\000A\000t\000k\000i\000n\000-\000L\000e\000h\000n\000e\000r\000\040\000T\000h\000e\000o\000r\000y}{chapter.14}% 83
\BOOKMARK [1][-]{section.14.8}{\376\377\000T\000h\000e\000\040\000R\000a\000m\000a\000n\000u\000j\000a\000n\000-\000P\000e\000t\000e\000r\000s\000s\000o\000n\000\040\000C\000o\000n\000j\000e\000c\000t\000u\000r\000e}{chapter.14}% 84
\BOOKMARK [1][-]{section.14.9}{\376\377\000T\000w\000i\000s\000t\000s\000\040\000o\000f\000\040\000M\000a\000a\000s\000s\000\040\000F\000o\000r\000m\000s}{chapter.14}% 85
\BOOKMARK [0][-]{chapter.15}{\376\377\000T\000r\000a\000c\000e\000\040\000F\000o\000r\000m\000u\000l\000a\000s}{part.4}% 86
\BOOKMARK [1][-]{section.15.1}{\376\377\000T\000h\000e\000\040\000P\000e\000t\000e\000r\000s\000s\000o\000n\000\040\000T\000r\000a\000c\000e\000\040\000F\000o\000r\000m\000u\000l\000a}{chapter.15}% 87
\BOOKMARK [0][-]{chapter.16}{\376\377\000L\000-\000f\000u\000n\000c\000t\000i\000o\000n\000s\000\040\000o\000f\000\040\000H\000o\000l\000o\000m\000o\000r\000p\000h\000i\000c\000,\000\040\000A\000u\000t\000o\000m\000o\000r\000p\000h\000i\000c\000,\000\040\000a\000n\000d\000\040\000M\000a\000a\000s\000s\000\040\000F\000o\000r\000m\000s}{part.4}% 88
\BOOKMARK [1][-]{section.16.1}{\376\377\000H\000e\000c\000k\000e\000\040\000L\000-\000f\000u\000n\000c\000t\000i\000o\000n\000s}{chapter.16}% 89
\BOOKMARK [1][-]{section.16.2}{\376\377\000H\000e\000c\000k\000e\000-\000M\000a\000a\000s\000s\000\040\000L\000-\000f\000u\000n\000c\000t\000i\000o\000n\000s}{chapter.16}% 90
\BOOKMARK [1][-]{section.16.3}{\376\377\000T\000h\000e\000\040\000R\000a\000n\000k\000i\000n\000-\000S\000e\000l\000b\000e\000r\000g\000\040\000M\000e\000t\000h\000o\000d}{chapter.16}% 91
\BOOKMARK [1][-]{section.16.4}{\376\377\000S\000t\000r\000o\000n\000g\000\040\000M\000u\000l\000t\000i\000p\000l\000i\000c\000i\000t\000y\000\040\000O\000n\000e}{chapter.16}% 92
\BOOKMARK [1][-]{section.16.5}{\376\377\000T\000h\000e\000\040\000R\000a\000m\000a\000n\000u\000j\000a\000n\000-\000P\000e\000t\000e\000r\000s\000s\000o\000n\000\040\000C\000o\000n\000j\000e\000c\000t\000u\000r\000e\000\040\000o\000n\000\040\000A\000v\000e\000r\000a\000g\000e}{chapter.16}% 93
\BOOKMARK [-1][-]{part.5}{\376\377\000V\000\040\000M\000o\000m\000e\000n\000t\000s}{}% 94
\BOOKMARK [0][-]{chapter.17}{\376\377\000T\000h\000e\000\040\000K\000a\000t\000z\000-\000S\000a\000r\000n\000a\000k\000\040\000P\000h\000i\000l\000o\000s\000o\000p\000h\000y}{part.5}% 95
\BOOKMARK [1][-]{section.17.1}{\376\377\000M\000o\000n\000t\000g\000o\000m\000e\000r\000y\000'\000s\000\040\000P\000a\000i\000r\000\040\000C\000o\000r\000r\000e\000l\000a\000t\000i\000o\000n\000\040\000C\000o\000n\000j\000e\000c\000t\000u\000r\000e}{chapter.17}% 96
\BOOKMARK [1][-]{section.17.2}{\376\377\000S\000y\000m\000m\000e\000t\000r\000y\000\040\000T\000y\000p\000e\000s\000\040\000a\000n\000d\000\040\000F\000a\000m\000i\000l\000i\000e\000s}{chapter.17}% 97
\BOOKMARK [1][-]{section.17.3}{\376\377\000C\000h\000a\000r\000a\000c\000t\000e\000r\000i\000s\000t\000i\000c\000\040\000P\000o\000l\000y\000n\000o\000m\000i\000a\000l\000s\000\040\000o\000f\000\040\000U\000n\000i\000t\000a\000r\000y\000\040\000M\000a\000t\000r\000i\000c\000e\000s}{chapter.17}% 98
\BOOKMARK [0][-]{chapter.18}{\376\377\000T\000h\000e\000\040\000T\000h\000e\000o\000r\000y\000\040\000o\000f\000\040\000M\000o\000m\000e\000n\000t\000s}{part.5}% 99
\BOOKMARK [1][-]{section.18.1}{\376\377\000C\000o\000n\000t\000i\000n\000u\000o\000u\000s\000\040\000a\000n\000d\000\040\000D\000i\000s\000c\000r\000e\000t\000e\000\040\000M\000o\000m\000e\000n\000t\000s}{chapter.18}% 100
\BOOKMARK [1][-]{section.18.2}{\376\377\000T\000h\000e\000\040\000M\000o\000m\000e\000n\000t\000\040\000C\000o\000n\000j\000e\000c\000t\000u\000r\000e\000s}{chapter.18}% 101
\BOOKMARK [0][-]{chapter.19}{\376\377\000M\000o\000m\000e\000n\000t\000\040\000R\000e\000s\000u\000l\000t\000s}{part.5}% 102
\BOOKMARK [1][-]{section.19.1}{\376\377\000T\000h\000e\000\040\000S\000e\000c\000o\000n\000d\000\040\000M\000o\000m\000e\000n\000t\000\040\000o\000f\000\040\000t\000h\000e\000\040\000R\000i\000e\000m\000a\000n\000n\000\040\000Z\000e\000t\000a\000\040\000F\000u\000n\000c\000t\000i\000o\000n}{chapter.19}% 103
\BOOKMARK [-1][-]{part.6}{\376\377\000V\000I\000\040\000A\000p\000p\000e\000n\000d\000i\000c\000e\000s}{}% 104
\BOOKMARK [0][-]{appendix.A}{\376\377\000N\000u\000m\000b\000e\000r\000\040\000T\000h\000e\000o\000r\000y}{part.6}% 105
\BOOKMARK [1][-]{section.A.1}{\376\377\000Q\000u\000a\000d\000r\000a\000t\000i\000c\000\040\000S\000y\000m\000b\000o\000l\000s}{appendix.A}% 106
\BOOKMARK [0][-]{appendix.B}{\376\377\000A\000n\000a\000l\000y\000s\000i\000s}{part.6}% 107
\BOOKMARK [1][-]{section.B.1}{\376\377\000L\000o\000c\000a\000l\000\040\000A\000b\000s\000o\000l\000u\000t\000e\000\040\000U\000n\000i\000f\000o\000r\000m\000\040\000C\000o\000n\000v\000e\000r\000g\000e\000n\000c\000e}{appendix.B}% 108
\BOOKMARK [1][-]{section.B.2}{\376\377\000I\000n\000t\000e\000r\000c\000h\000a\000n\000g\000e\000\040\000o\000f\000\040\000I\000n\000t\000e\000g\000r\000a\000l\000s\000,\000\040\000S\000u\000m\000s\000\040\000\046\000\040\000D\000e\000r\000i\000v\000a\000t\000i\000v\000e\000s}{appendix.B}% 109
\BOOKMARK [1][-]{section.B.3}{\376\377\000F\000a\000c\000t\000o\000r\000i\000z\000a\000t\000i\000o\000n\000s\000,\000\040\000O\000r\000d\000e\000r\000\040\000\046\000\040\000R\000a\000n\000k}{appendix.B}% 110
\BOOKMARK [1][-]{section.B.4}{\376\377\000T\000h\000e\000\040\000P\000h\000r\000a\000g\000m\000\351\000n\000-\000L\000i\000n\000d\000e\000l\000\366\000f\000\040\000C\000o\000n\000v\000e\000x\000i\000t\000y\000\040\000P\000r\000i\000n\000c\000i\000p\000l\000e}{appendix.B}% 111
\BOOKMARK [1][-]{section.B.5}{\376\377\000B\000e\000s\000s\000e\000l\000\040\000F\000u\000n\000c\000t\000i\000o\000n\000s}{appendix.B}% 112
\BOOKMARK [1][-]{section.B.6}{\376\377\000W\000h\000i\000t\000t\000a\000k\000e\000r\000\040\000F\000u\000n\000c\000t\000i\000o\000n\000s}{appendix.B}% 113
\BOOKMARK [1][-]{section.B.7}{\376\377\000L\000a\000t\000t\000i\000c\000e\000\040\000S\000u\000m\000s}{appendix.B}% 114
\BOOKMARK [0][-]{appendix.C}{\376\377\000A\000l\000g\000e\000b\000r\000a}{part.6}% 115
\BOOKMARK [1][-]{section.C.1}{\376\377\000F\000i\000n\000i\000t\000e\000l\000y\000\040\000G\000e\000n\000e\000r\000a\000t\000e\000d\000\040\000M\000o\000d\000u\000l\000e\000s\000\040\000O\000v\000e\000r\000\040\000P\000r\000i\000n\000c\000i\000p\000a\000l\000\040\000I\000d\000e\000a\000l\000\040\000D\000o\000m\000a\000i\000n\000s}{appendix.C}% 116
\BOOKMARK [1][-]{section.C.2}{\376\377\000G\000a\000l\000o\000i\000s\000\040\000T\000h\000e\000o\000r\000y}{appendix.C}% 117
\BOOKMARK [1][-]{section.C.3}{\376\377\000C\000h\000a\000r\000a\000c\000t\000e\000r\000\040\000G\000r\000o\000u\000p\000s}{appendix.C}% 118
\BOOKMARK [1][-]{section.C.4}{\376\377\000R\000e\000p\000r\000e\000s\000e\000n\000t\000a\000t\000i\000o\000n\000\040\000T\000h\000e\000o\000r\000y}{appendix.C}% 119
\BOOKMARK [0][-]{appendix.D}{\376\377\000T\000o\000p\000o\000l\000o\000g\000y}{part.6}% 120
\BOOKMARK [1][-]{section.D.1}{\376\377\000F\000u\000n\000d\000a\000m\000e\000n\000t\000a\000l\000\040\000D\000o\000m\000a\000i\000n\000s}{appendix.D}% 121
\BOOKMARK [0][-]{appendix.E}{\376\377\000M\000i\000s\000c\000e\000l\000l\000a\000n\000e\000o\000u\000s}{part.6}% 122
\BOOKMARK [1][-]{section.E.1}{\376\377\000S\000p\000e\000c\000i\000a\000l\000\040\000I\000n\000t\000e\000g\000r\000a\000l\000s}{appendix.E}% 123
