This is pdfTeX, Version 3.141592653-2.6-1.40.24 (TeX Live 2022) (preloaded format=pdflatex 2022.4.27)  8 JAN 2025 12:32
entering extended mode
 restricted \write18 enabled.
 file:line:error style messages enabled.
 %&-line parsing enabled.
**"/Users/henrytwiss/Documents/LaTeX/Research Papers/Diamantis-Hoffstein-Lee-Twiss2024subconvexity/Diamantis-Hoffstein-Lee-Twiss2024subconvexity.tex"
(/Users/henrytwiss/Documents/LaTeX/Research Papers/Diamantis-Hoffstein-Lee-Twiss2024subconvexity/Diamantis-Hoffstein-Lee-Twiss2024subconvexity.tex
LaTeX2e <2021-11-15> patch level 1
L3 programming layer <2022-02-24> (/usr/local/texlive/2022/texmf-dist/tex/latex/amscls/amsart.cls
Document Class: amsart 2020/05/29 v2.20.6
\linespacing=\dimen138
\normalparindent=\dimen139
\normaltopskip=\skip47
(/usr/local/texlive/2022/texmf-dist/tex/latex/amsmath/amsmath.sty
Package: amsmath 2021/10/15 v2.17l AMS math features
\@mathmargin=\skip48

For additional information on amsmath, use the `?' option.
(/usr/local/texlive/2022/texmf-dist/tex/latex/amsmath/amstext.sty
Package: amstext 2021/08/26 v2.01 AMS text
 (/usr/local/texlive/2022/texmf-dist/tex/latex/amsmath/amsgen.sty
File: amsgen.sty 1999/11/30 v2.0 generic functions
\@emptytoks=\toks16
\ex@=\dimen140
)) (/usr/local/texlive/2022/texmf-dist/tex/latex/amsmath/amsbsy.sty
Package: amsbsy 1999/11/29 v1.2d Bold Symbols
\pmbraise@=\dimen141
) (/usr/local/texlive/2022/texmf-dist/tex/latex/amsmath/amsopn.sty
Package: amsopn 2021/08/26 v2.02 operator names
)
\inf@bad=\count185
LaTeX Info: Redefining \frac on input line 234.
\uproot@=\count186
\leftroot@=\count187
LaTeX Info: Redefining \overline on input line 399.
\classnum@=\count188
\DOTSCASE@=\count189
LaTeX Info: Redefining \ldots on input line 496.
LaTeX Info: Redefining \dots on input line 499.
LaTeX Info: Redefining \cdots on input line 620.
\Mathstrutbox@=\box50
\strutbox@=\box51
\big@size=\dimen142
LaTeX Font Info:    Redeclaring font encoding OML on input line 743.
LaTeX Font Info:    Redeclaring font encoding OMS on input line 744.
\macc@depth=\count190
\c@MaxMatrixCols=\count191
\dotsspace@=\muskip16
\c@parentequation=\count192
\dspbrk@lvl=\count193
\tag@help=\toks17
\row@=\count194
\column@=\count195
\maxfields@=\count196
\andhelp@=\toks18
\eqnshift@=\dimen143
\alignsep@=\dimen144
\tagshift@=\dimen145
\tagwidth@=\dimen146
\totwidth@=\dimen147
\lineht@=\dimen148
\@envbody=\toks19
\multlinegap=\skip49
\multlinetaggap=\skip50
\mathdisplay@stack=\toks20
LaTeX Info: Redefining \[ on input line 2938.
LaTeX Info: Redefining \] on input line 2939.
)
LaTeX Font Info:    Trying to load font information for U+msa on input line 397.
 (/usr/local/texlive/2022/texmf-dist/tex/latex/amsfonts/umsa.fd
File: umsa.fd 2013/01/14 v3.01 AMS symbols A
) (/usr/local/texlive/2022/texmf-dist/tex/latex/amsfonts/amsfonts.sty
Package: amsfonts 2013/01/14 v3.01 Basic AMSFonts support
\symAMSa=\mathgroup4
\symAMSb=\mathgroup5
LaTeX Font Info:    Redeclaring math symbol \hbar on input line 98.
LaTeX Font Info:    Overwriting math alphabet `\mathfrak' in version `bold'
(Font)                  U/euf/m/n --> U/euf/b/n on input line 106.
)
\copyins=\insert199
\abstractbox=\box52
\listisep=\skip51
\c@part=\count197
\c@section=\count198
\c@subsection=\count266
\c@subsubsection=\count267
\c@paragraph=\count268
\c@subparagraph=\count269
\c@figure=\count270
\c@table=\count271
\abovecaptionskip=\skip52
\belowcaptionskip=\skip53
\captionindent=\dimen149
\thm@style=\toks21
\thm@bodyfont=\toks22
\thm@headfont=\toks23
\thm@notefont=\toks24
\thm@headpunct=\toks25
\thm@preskip=\skip54
\thm@postskip=\skip55
\thm@headsep=\skip56
\dth@everypar=\toks26
) (/usr/local/texlive/2022/texmf-dist/tex/latex/preprint/fullpage.sty
Package: fullpage 1999/02/23 1.1 (PWD)
\FP@margin=\skip57
) (/usr/local/texlive/2022/texmf-dist/tex/latex/tools/verbatim.sty
Package: verbatim 2020-07-07 v1.5u LaTeX2e package for verbatim enhancements
\every@verbatim=\toks27
\verbatim@line=\toks28
\verbatim@in@stream=\read2
) (/usr/local/texlive/2022/texmf-dist/tex/latex/amsfonts/amssymb.sty
Package: amssymb 2013/01/14 v3.01 AMS font symbols
) (/usr/local/texlive/2022/texmf-dist/tex/latex/hyperref/hyperref.sty
Package: hyperref 2022-02-21 v7.00n Hypertext links for LaTeX
 (/usr/local/texlive/2022/texmf-dist/tex/generic/ltxcmds/ltxcmds.sty
Package: ltxcmds 2020-05-10 v1.25 LaTeX kernel commands for general use (HO)
) (/usr/local/texlive/2022/texmf-dist/tex/generic/iftex/iftex.sty
Package: iftex 2022/02/03 v1.0f TeX engine tests
) (/usr/local/texlive/2022/texmf-dist/tex/generic/pdftexcmds/pdftexcmds.sty
Package: pdftexcmds 2020-06-27 v0.33 Utility functions of pdfTeX for LuaTeX (HO)
 (/usr/local/texlive/2022/texmf-dist/tex/generic/infwarerr/infwarerr.sty
Package: infwarerr 2019/12/03 v1.5 Providing info/warning/error messages (HO)
)
Package pdftexcmds Info: \pdf@primitive is available.
Package pdftexcmds Info: \pdf@ifprimitive is available.
Package pdftexcmds Info: \pdfdraftmode found.
) (/usr/local/texlive/2022/texmf-dist/tex/latex/graphics/keyval.sty
Package: keyval 2014/10/28 v1.15 key=value parser (DPC)
\KV@toks@=\toks29
) (/usr/local/texlive/2022/texmf-dist/tex/generic/kvsetkeys/kvsetkeys.sty
Package: kvsetkeys 2019/12/15 v1.18 Key value parser (HO)
) (/usr/local/texlive/2022/texmf-dist/tex/generic/kvdefinekeys/kvdefinekeys.sty
Package: kvdefinekeys 2019-12-19 v1.6 Define keys (HO)
) (/usr/local/texlive/2022/texmf-dist/tex/generic/pdfescape/pdfescape.sty
Package: pdfescape 2019/12/09 v1.15 Implements pdfTeX's escape features (HO)
) (/usr/local/texlive/2022/texmf-dist/tex/latex/hycolor/hycolor.sty
Package: hycolor 2020-01-27 v1.10 Color options for hyperref/bookmark (HO)
) (/usr/local/texlive/2022/texmf-dist/tex/latex/letltxmacro/letltxmacro.sty
Package: letltxmacro 2019/12/03 v1.6 Let assignment for LaTeX macros (HO)
) (/usr/local/texlive/2022/texmf-dist/tex/latex/auxhook/auxhook.sty
Package: auxhook 2019-12-17 v1.6 Hooks for auxiliary files (HO)
) (/usr/local/texlive/2022/texmf-dist/tex/latex/kvoptions/kvoptions.sty
Package: kvoptions 2020-10-07 v3.14 Key value format for package options (HO)
)
\@linkdim=\dimen150
\Hy@linkcounter=\count272
\Hy@pagecounter=\count273
 (/usr/local/texlive/2022/texmf-dist/tex/latex/hyperref/pd1enc.def
File: pd1enc.def 2022-02-21 v7.00n Hyperref: PDFDocEncoding definition (HO)
Now handling font encoding PD1 ...
... no UTF-8 mapping file for font encoding PD1
) (/usr/local/texlive/2022/texmf-dist/tex/generic/intcalc/intcalc.sty
Package: intcalc 2019/12/15 v1.3 Expandable calculations with integers (HO)
) (/usr/local/texlive/2022/texmf-dist/tex/generic/etexcmds/etexcmds.sty
Package: etexcmds 2019/12/15 v1.7 Avoid name clashes with e-TeX commands (HO)
)
\Hy@SavedSpaceFactor=\count274
 (/usr/local/texlive/2022/texmf-dist/tex/latex/hyperref/puenc.def
File: puenc.def 2022-02-21 v7.00n Hyperref: PDF Unicode definition (HO)
Now handling font encoding PU ...
... no UTF-8 mapping file for font encoding PU
)
Package hyperref Info: Hyper figures OFF on input line 4137.
Package hyperref Info: Link nesting OFF on input line 4142.
Package hyperref Info: Hyper index ON on input line 4145.
Package hyperref Info: Plain pages OFF on input line 4152.
Package hyperref Info: Backreferencing OFF on input line 4157.
Package hyperref Info: Implicit mode ON; LaTeX internals redefined.
Package hyperref Info: Bookmarks ON on input line 4390.
\c@Hy@tempcnt=\count275
 (/usr/local/texlive/2022/texmf-dist/tex/latex/url/url.sty
\Urlmuskip=\muskip17
Package: url 2013/09/16  ver 3.4  Verb mode for urls, etc.
)
LaTeX Info: Redefining \url on input line 4749.
\XeTeXLinkMargin=\dimen151
 (/usr/local/texlive/2022/texmf-dist/tex/generic/bitset/bitset.sty
Package: bitset 2019/12/09 v1.3 Handle bit-vector datatype (HO)
 (/usr/local/texlive/2022/texmf-dist/tex/generic/bigintcalc/bigintcalc.sty
Package: bigintcalc 2019/12/15 v1.5 Expandable calculations on big integers (HO)
))
\Fld@menulength=\count276
\Field@Width=\dimen152
\Fld@charsize=\dimen153
Package hyperref Info: Hyper figures OFF on input line 6027.
Package hyperref Info: Link nesting OFF on input line 6032.
Package hyperref Info: Hyper index ON on input line 6035.
Package hyperref Info: backreferencing OFF on input line 6042.
Package hyperref Info: Link coloring OFF on input line 6047.
Package hyperref Info: Link coloring with OCG OFF on input line 6052.
Package hyperref Info: PDF/A mode OFF on input line 6057.
LaTeX Info: Redefining \ref on input line 6097.
LaTeX Info: Redefining \pageref on input line 6101.
 (/usr/local/texlive/2022/texmf-dist/tex/latex/base/atbegshi-ltx.sty
Package: atbegshi-ltx 2021/01/10 v1.0c Emulation of the original atbegshi
package with kernel methods
)
\Hy@abspage=\count277
\c@Item=\count278
\c@Hfootnote=\count279
)
Package hyperref Info: Driver (autodetected): hpdftex.
 (/usr/local/texlive/2022/texmf-dist/tex/latex/hyperref/hpdftex.def
File: hpdftex.def 2022-02-21 v7.00n Hyperref driver for pdfTeX
 (/usr/local/texlive/2022/texmf-dist/tex/latex/base/atveryend-ltx.sty
Package: atveryend-ltx 2020/08/19 v1.0a Emulation of the original atveryend package
with kernel methods
)
\Fld@listcount=\count280
\c@bookmark@seq@number=\count281
 (/usr/local/texlive/2022/texmf-dist/tex/latex/rerunfilecheck/rerunfilecheck.sty
Package: rerunfilecheck 2019/12/05 v1.9 Rerun checks for auxiliary files (HO)
 (/usr/local/texlive/2022/texmf-dist/tex/generic/uniquecounter/uniquecounter.sty
Package: uniquecounter 2019/12/15 v1.4 Provide unlimited unique counter (HO)
)
Package uniquecounter Info: New unique counter `rerunfilecheck' on input line 286.
)
\Hy@SectionHShift=\skip58
) (/usr/local/texlive/2022/texmf-dist/tex/latex/cancel/cancel.sty
Package: cancel 2013/04/12 v2.2 Cancel math terms
) (/usr/local/texlive/2022/texmf-dist/tex/generic/soul/soul.sty
Package: soul 2003/11/17 v2.4 letterspacing/underlining (mf)
\SOUL@word=\toks30
\SOUL@lasttoken=\toks31
\SOUL@cmds=\toks32
\SOUL@buffer=\toks33
\SOUL@token=\toks34
\SOUL@spaceskip=\skip59
\SOUL@ttwidth=\dimen154
\SOUL@uldp=\dimen155
\SOUL@ulht=\dimen156
) (/usr/local/texlive/2022/texmf-dist/tex/generic/ulem/ulem.sty
\UL@box=\box53
\UL@hyphenbox=\box54
\UL@skip=\skip60
\UL@hook=\toks35
\UL@height=\dimen157
\UL@pe=\count282
\UL@pixel=\dimen158
\ULC@box=\box55
Package: ulem 2019/11/18
\ULdepth=\dimen159
) (/usr/local/texlive/2022/texmf-dist/tex/latex/srcltx/srcltx.sty
Package: srcltx 2006/11/12 v1.6 Source specials for inverse search in DVI files
 (/usr/local/texlive/2022/texmf-dist/tex/latex/base/ifthen.sty
Package: ifthen 2020/11/24 v1.1c Standard LaTeX ifthen package (DPC)
)
\src@lastline=\count283
\src@new@everypar=\toks36
\src@new@output=\toks37
) (/usr/local/texlive/2022/texmf-dist/tex/generic/xypic/xy.sty (/usr/local/texlive/2022/texmf-dist/tex/generic/xypic/xy.tex Bootstrap'ing: catcodes, docmode, (/usr/local/texlive/2022/texmf-dist/tex/generic/xypic/xyrecat.tex) (/usr/local/texlive/2022/texmf-dist/tex/generic/xypic/xyidioms.tex)

 Xy-pic version 3.8.9 <2013/10/06>
 Copyright (c) 1991-2013 by Kristoffer H. Rose <krisrose@tug.org> and others
 Xy-pic is free software: see the User's Guide for details.

Loading kernel: messages; fonts; allocations: state,
\X@c=\dimen160
\Y@c=\dimen161
\U@c=\dimen162
\D@c=\dimen163
\L@c=\dimen164
\R@c=\dimen165
\Edge@c=\toks38
\X@p=\dimen166
\Y@p=\dimen167
\U@p=\dimen168
\D@p=\dimen169
\L@p=\dimen170
\R@p=\dimen171
\Edge@p=\toks39
\X@origin=\dimen172
\Y@origin=\dimen173
\X@xbase=\dimen174
\Y@xbase=\dimen175
\X@ybase=\dimen176
\Y@ybase=\dimen177
\X@min=\dimen178
\Y@min=\dimen179
\X@max=\dimen180
\Y@max=\dimen181
\lastobjectbox@=\box56
\zerodotbox@=\box57
\almostz@=\dimen182
 direction,
\d@X=\dimen183
\d@Y=\dimen184
\K@=\count284
\KK@=\count285
\Direction=\count286
\K@dXdY=\dimen185
\K@dYdX=\dimen186
\xyread@=\read3
\xywrite@=\write3
\csp@=\count287
\quotPTK@=\dimen187
 utility macros; pictures: \xy, positions,
\swaptoks@@=\toks40
\connectobjectbox@@=\box58
 objects,
\styletoks@=\toks41
 decorations; kernel objects: directionals, circles, text; options; algorithms: directions, edges, connections;  Xy-pic loaded) (/usr/local/texlive/2022/texmf-dist/tex/generic/iftex/ifpdf.sty
Package: ifpdf 2019/10/25 v3.4 ifpdf legacy package. Use iftex instead.
)
Package: xy 2013/10/06 Xy-pic version 3.8.9
 (/usr/local/texlive/2022/texmf-dist/tex/generic/xypic/xycmtip.tex  Xy-pic option: Computer Modern tip extension v.3.7 (/usr/local/texlive/2022/texmf-dist/tex/generic/xypic/xytips.tex  Xy-pic option: More Tips extension v.3.11 loaded) loaded) (/usr/local/texlive/2022/texmf-dist/tex/generic/xypic/xyarrow.tex  Xy-pic option: Arrow and Path feature v.3.9 path, \ar, loaded) (/usr/local/texlive/2022/texmf-dist/tex/generic/xypic/xymatrix.tex  Xy-pic option: Matrix feature v.3.14
\Row=\count288
\Col=\count289
\queue@=\toks42
\queue@@=\toks43
\qcount@=\count290
\qcount@@=\count291
\matrixsize@=\count292
 loaded) (/usr/local/texlive/2022/texmf-dist/tex/generic/xypic/xycurve.tex  Xy-pic option: Curve and Spline extension v.3.12 curve,
\crv@cnt@=\count293
\crvpts@=\toks44
\splinebox@=\box59
\splineval@=\dimen188
\splinedepth@=\dimen189
\splinetol@=\dimen190
\splinelength@=\dimen191
 circles,
\L@=\dimen192
 loaded) (/usr/local/texlive/2022/texmf-dist/tex/generic/xypic/xytips.tex  Xy-pic option: More Tips extension v.3.11 not reloaded) (/usr/local/texlive/2022/texmf-dist/tex/generic/xypic/xyframe.tex  Xy-pic option: Frame and Bracket extension v.3.14 loaded) (/usr/local/texlive/2022/texmf-dist/tex/generic/xypic/xypdf.tex  Xy-pic option: PDF driver v.1.7 Xy-pic pdf driver: `curve' extension support (/usr/local/texlive/2022/texmf-dist/tex/generic/xypic/xypdf-cu.tex loaded) Xy-pic pdf driver: `frame' extension support (/usr/local/texlive/2022/texmf-dist/tex/generic/xypic/xypdf-fr.tex loaded) loaded)) (/usr/local/texlive/2022/texmf-dist/tex/latex/graphics/color.sty
Package: color 2021/12/07 v1.3c Standard LaTeX Color (DPC)
 (/usr/local/texlive/2022/texmf-dist/tex/latex/graphics-cfg/color.cfg
File: color.cfg 2016/01/02 v1.6 sample color configuration
)
Package color Info: Driver file: pdftex.def on input line 149.
Package srcltx Info: Expanded filename `pdftex.def' to `pdftex.def.tex' on input line 150.

:<+ pdftex.def.tex
(/usr/local/texlive/2022/texmf-dist/tex/latex/graphics-def/pdftex.def
File: pdftex.def 2020/10/05 v1.2a Graphics/color driver for pdftex
)
:<-
Package srcltx Info: Expanded filename `dvipsnam.def' to `dvipsnam.def.tex' on input line 152.
:<+ dvipsnam.def.tex
(/usr/local/texlive/2022/texmf-dist/tex/latex/graphics/dvipsnam.def
File: dvipsnam.def 2016/06/17 v3.0m Driver-dependent file (DPC,SPQR)
)
:<-
) (/usr/local/texlive/2022/texmf-dist/tex/latex/pgf/basiclayer/pgf.sty (/usr/local/texlive/2022/texmf-dist/tex/latex/pgf/utilities/pgfrcs.sty (/usr/local/texlive/2022/texmf-dist/tex/generic/pgf/utilities/pgfutil-common.tex
\pgfutil@everybye=\toks45
\pgfutil@tempdima=\dimen193
\pgfutil@tempdimb=\dimen194
 (/usr/local/texlive/2022/texmf-dist/tex/generic/pgf/utilities/pgfutil-common-lists.tex)) (/usr/local/texlive/2022/texmf-dist/tex/generic/pgf/utilities/pgfutil-latex.def
\pgfutil@abb=\box60
)
Package srcltx Info: Expanded filename `pgfrcs.code.tex' to `pgfrcs.code.tex' on input line 13.

:<+ pgfrcs.code.tex
(/usr/local/texlive/2022/texmf-dist/tex/generic/pgf/utilities/pgfrcs.code.tex (/usr/local/texlive/2022/texmf-dist/tex/generic/pgf/pgf.revision.tex)
Package: pgfrcs 2021/05/15 v3.1.9a (3.1.9a)
)
:<-
)
Package: pgf 2021/05/15 v3.1.9a (3.1.9a)
 (/usr/local/texlive/2022/texmf-dist/tex/latex/pgf/basiclayer/pgfcore.sty (/usr/local/texlive/2022/texmf-dist/tex/latex/graphics/graphicx.sty
Package: graphicx 2021/09/16 v1.2d Enhanced LaTeX Graphics (DPC,SPQR)
 (/usr/local/texlive/2022/texmf-dist/tex/latex/graphics/graphics.sty
Package: graphics 2021/03/04 v1.4d Standard LaTeX Graphics (DPC,SPQR)
 (/usr/local/texlive/2022/texmf-dist/tex/latex/graphics/trig.sty
Package: trig 2021/08/11 v1.11 sin cos tan (DPC)
) (/usr/local/texlive/2022/texmf-dist/tex/latex/graphics-cfg/graphics.cfg
File: graphics.cfg 2016/06/04 v1.11 sample graphics configuration
)
Package graphics Info: Driver file: pdftex.def on input line 107.
)
\Gin@req@height=\dimen195
\Gin@req@width=\dimen196
) (/usr/local/texlive/2022/texmf-dist/tex/latex/pgf/systemlayer/pgfsys.sty
Package srcltx Info: Expanded filename `pgfsys.code.tex' to `pgfsys.code.tex' on input line 16.

:<+ pgfsys.code.tex
(/usr/local/texlive/2022/texmf-dist/tex/generic/pgf/systemlayer/pgfsys.code.tex
Package: pgfsys 2021/05/15 v3.1.9a (3.1.9a)
 (/usr/local/texlive/2022/texmf-dist/tex/generic/pgf/utilities/pgfkeys.code.tex
\pgfkeys@pathtoks=\toks46
\pgfkeys@temptoks=\toks47
 (/usr/local/texlive/2022/texmf-dist/tex/generic/pgf/utilities/pgfkeysfiltered.code.tex
\pgfkeys@tmptoks=\toks48
))
\pgf@x=\dimen197
\pgf@y=\dimen198
\pgf@xa=\dimen256
\pgf@ya=\dimen257
\pgf@xb=\dimen258
\pgf@yb=\dimen259
\pgf@xc=\dimen260
\pgf@yc=\dimen261
\pgf@xd=\dimen262
\pgf@yd=\dimen263
\w@pgf@writea=\write4
\r@pgf@reada=\read4
\c@pgf@counta=\count294
\c@pgf@countb=\count295
\c@pgf@countc=\count296
\c@pgf@countd=\count297
\t@pgf@toka=\toks49
\t@pgf@tokb=\toks50
\t@pgf@tokc=\toks51
\pgf@sys@id@count=\count298
 (/usr/local/texlive/2022/texmf-dist/tex/generic/pgf/systemlayer/pgf.cfg
File: pgf.cfg 2021/05/15 v3.1.9a (3.1.9a)
)
Driver file for pgf: pgfsys-pdftex.def
 (/usr/local/texlive/2022/texmf-dist/tex/generic/pgf/systemlayer/pgfsys-pdftex.def
File: pgfsys-pdftex.def 2021/05/15 v3.1.9a (3.1.9a)
 (/usr/local/texlive/2022/texmf-dist/tex/generic/pgf/systemlayer/pgfsys-common-pdf.def
File: pgfsys-common-pdf.def 2021/05/15 v3.1.9a (3.1.9a)
)))
:<-
Package srcltx Info: Expanded filename `pgfsyssoftpath.code.tex' to `pgfsyssoftpath.code.tex' on input line 17.
:<+ pgfsyssoftpath.code.tex
(/usr/local/texlive/2022/texmf-dist/tex/generic/pgf/systemlayer/pgfsyssoftpath.code.tex
File: pgfsyssoftpath.code.tex 2021/05/15 v3.1.9a (3.1.9a)
\pgfsyssoftpath@smallbuffer@items=\count299
\pgfsyssoftpath@bigbuffer@items=\count300
)
:<-
Package srcltx Info: Expanded filename `pgfsysprotocol.code.tex' to `pgfsysprotocol.code.tex' on input line 18.
:<+ pgfsysprotocol.code.tex
(/usr/local/texlive/2022/texmf-dist/tex/generic/pgf/systemlayer/pgfsysprotocol.code.tex
File: pgfsysprotocol.code.tex 2021/05/15 v3.1.9a (3.1.9a)
)
:<-
) (/usr/local/texlive/2022/texmf-dist/tex/latex/xcolor/xcolor.sty
Package: xcolor 2021/10/31 v2.13 LaTeX color extensions (UK)
 (/usr/local/texlive/2022/texmf-dist/tex/latex/graphics-cfg/color.cfg
File: color.cfg 2016/01/02 v1.6 sample color configuration
)
Package xcolor Info: Driver file: pdftex.def on input line 227.
LaTeX Info: Redefining \color on input line 711.
Package xcolor Info: Model `cmy' substituted by `cmy0' on input line 1352.
Package xcolor Info: Model `hsb' substituted by `rgb' on input line 1356.
Package xcolor Info: Model `RGB' extended on input line 1368.
Package xcolor Info: Model `HTML' substituted by `rgb' on input line 1370.
Package xcolor Info: Model `Hsb' substituted by `hsb' on input line 1371.
Package xcolor Info: Model `tHsb' substituted by `hsb' on input line 1372.
Package xcolor Info: Model `HSB' substituted by `hsb' on input line 1373.
Package xcolor Info: Model `Gray' substituted by `gray' on input line 1374.
Package xcolor Info: Model `wave' substituted by `hsb' on input line 1375.
)
Package srcltx Info: Expanded filename `pgfcore.code.tex' to `pgfcore.code.tex' on input line 17.

:<+ pgfcore.code.tex
(/usr/local/texlive/2022/texmf-dist/tex/generic/pgf/basiclayer/pgfcore.code.tex
Package: pgfcore 2021/05/15 v3.1.9a (3.1.9a)
 (/usr/local/texlive/2022/texmf-dist/tex/generic/pgf/math/pgfmath.code.tex (/usr/local/texlive/2022/texmf-dist/tex/generic/pgf/math/pgfmathcalc.code.tex (/usr/local/texlive/2022/texmf-dist/tex/generic/pgf/math/pgfmathutil.code.tex) (/usr/local/texlive/2022/texmf-dist/tex/generic/pgf/math/pgfmathparser.code.tex
\pgfmath@dimen=\dimen264
\pgfmath@count=\count301
\pgfmath@box=\box61
\pgfmath@toks=\toks52
\pgfmath@stack@operand=\toks53
\pgfmath@stack@operation=\toks54
) (/usr/local/texlive/2022/texmf-dist/tex/generic/pgf/math/pgfmathfunctions.code.tex (/usr/local/texlive/2022/texmf-dist/tex/generic/pgf/math/pgfmathfunctions.basic.code.tex) (/usr/local/texlive/2022/texmf-dist/tex/generic/pgf/math/pgfmathfunctions.trigonometric.code.tex) (/usr/local/texlive/2022/texmf-dist/tex/generic/pgf/math/pgfmathfunctions.random.code.tex) (/usr/local/texlive/2022/texmf-dist/tex/generic/pgf/math/pgfmathfunctions.comparison.code.tex) (/usr/local/texlive/2022/texmf-dist/tex/generic/pgf/math/pgfmathfunctions.base.code.tex) (/usr/local/texlive/2022/texmf-dist/tex/generic/pgf/math/pgfmathfunctions.round.code.tex) (/usr/local/texlive/2022/texmf-dist/tex/generic/pgf/math/pgfmathfunctions.misc.code.tex) (/usr/local/texlive/2022/texmf-dist/tex/generic/pgf/math/pgfmathfunctions.integerarithmetics.code.tex))) (/usr/local/texlive/2022/texmf-dist/tex/generic/pgf/math/pgfmathfloat.code.tex
\c@pgfmathroundto@lastzeros=\count302
)) (/usr/local/texlive/2022/texmf-dist/tex/generic/pgf/math/pgfint.code.tex) (/usr/local/texlive/2022/texmf-dist/tex/generic/pgf/basiclayer/pgfcorepoints.code.tex
File: pgfcorepoints.code.tex 2021/05/15 v3.1.9a (3.1.9a)
\pgf@picminx=\dimen265
\pgf@picmaxx=\dimen266
\pgf@picminy=\dimen267
\pgf@picmaxy=\dimen268
\pgf@pathminx=\dimen269
\pgf@pathmaxx=\dimen270
\pgf@pathminy=\dimen271
\pgf@pathmaxy=\dimen272
\pgf@xx=\dimen273
\pgf@xy=\dimen274
\pgf@yx=\dimen275
\pgf@yy=\dimen276
\pgf@zx=\dimen277
\pgf@zy=\dimen278
) (/usr/local/texlive/2022/texmf-dist/tex/generic/pgf/basiclayer/pgfcorepathconstruct.code.tex
File: pgfcorepathconstruct.code.tex 2021/05/15 v3.1.9a (3.1.9a)
\pgf@path@lastx=\dimen279
\pgf@path@lasty=\dimen280
) (/usr/local/texlive/2022/texmf-dist/tex/generic/pgf/basiclayer/pgfcorepathusage.code.tex
File: pgfcorepathusage.code.tex 2021/05/15 v3.1.9a (3.1.9a)
\pgf@shorten@end@additional=\dimen281
\pgf@shorten@start@additional=\dimen282
) (/usr/local/texlive/2022/texmf-dist/tex/generic/pgf/basiclayer/pgfcorescopes.code.tex
File: pgfcorescopes.code.tex 2021/05/15 v3.1.9a (3.1.9a)
\pgfpic=\box62
\pgf@hbox=\box63
\pgf@layerbox@main=\box64
\pgf@picture@serial@count=\count303
) (/usr/local/texlive/2022/texmf-dist/tex/generic/pgf/basiclayer/pgfcoregraphicstate.code.tex
File: pgfcoregraphicstate.code.tex 2021/05/15 v3.1.9a (3.1.9a)
\pgflinewidth=\dimen283
) (/usr/local/texlive/2022/texmf-dist/tex/generic/pgf/basiclayer/pgfcoretransformations.code.tex
File: pgfcoretransformations.code.tex 2021/05/15 v3.1.9a (3.1.9a)
\pgf@pt@x=\dimen284
\pgf@pt@y=\dimen285
\pgf@pt@temp=\dimen286
) (/usr/local/texlive/2022/texmf-dist/tex/generic/pgf/basiclayer/pgfcorequick.code.tex
File: pgfcorequick.code.tex 2021/05/15 v3.1.9a (3.1.9a)
) (/usr/local/texlive/2022/texmf-dist/tex/generic/pgf/basiclayer/pgfcoreobjects.code.tex
File: pgfcoreobjects.code.tex 2021/05/15 v3.1.9a (3.1.9a)
) (/usr/local/texlive/2022/texmf-dist/tex/generic/pgf/basiclayer/pgfcorepathprocessing.code.tex
File: pgfcorepathprocessing.code.tex 2021/05/15 v3.1.9a (3.1.9a)
) (/usr/local/texlive/2022/texmf-dist/tex/generic/pgf/basiclayer/pgfcorearrows.code.tex
File: pgfcorearrows.code.tex 2021/05/15 v3.1.9a (3.1.9a)
\pgfarrowsep=\dimen287
) (/usr/local/texlive/2022/texmf-dist/tex/generic/pgf/basiclayer/pgfcoreshade.code.tex
File: pgfcoreshade.code.tex 2021/05/15 v3.1.9a (3.1.9a)
\pgf@max=\dimen288
\pgf@sys@shading@range@num=\count304
\pgf@shadingcount=\count305
) (/usr/local/texlive/2022/texmf-dist/tex/generic/pgf/basiclayer/pgfcoreimage.code.tex
File: pgfcoreimage.code.tex 2021/05/15 v3.1.9a (3.1.9a)
 (/usr/local/texlive/2022/texmf-dist/tex/generic/pgf/basiclayer/pgfcoreexternal.code.tex
File: pgfcoreexternal.code.tex 2021/05/15 v3.1.9a (3.1.9a)
\pgfexternal@startupbox=\box65
)) (/usr/local/texlive/2022/texmf-dist/tex/generic/pgf/basiclayer/pgfcorelayers.code.tex
File: pgfcorelayers.code.tex 2021/05/15 v3.1.9a (3.1.9a)
) (/usr/local/texlive/2022/texmf-dist/tex/generic/pgf/basiclayer/pgfcoretransparency.code.tex
File: pgfcoretransparency.code.tex 2021/05/15 v3.1.9a (3.1.9a)
) (/usr/local/texlive/2022/texmf-dist/tex/generic/pgf/basiclayer/pgfcorepatterns.code.tex
File: pgfcorepatterns.code.tex 2021/05/15 v3.1.9a (3.1.9a)
) (/usr/local/texlive/2022/texmf-dist/tex/generic/pgf/basiclayer/pgfcorerdf.code.tex
File: pgfcorerdf.code.tex 2021/05/15 v3.1.9a (3.1.9a)
))
:<-
) (/usr/local/texlive/2022/texmf-dist/tex/generic/pgf/modules/pgfmoduleshapes.code.tex
File: pgfmoduleshapes.code.tex 2021/05/15 v3.1.9a (3.1.9a)
\pgfnodeparttextbox=\box66
) (/usr/local/texlive/2022/texmf-dist/tex/generic/pgf/modules/pgfmoduleplot.code.tex
File: pgfmoduleplot.code.tex 2021/05/15 v3.1.9a (3.1.9a)
) (/usr/local/texlive/2022/texmf-dist/tex/latex/pgf/compatibility/pgfcomp-version-0-65.sty
Package: pgfcomp-version-0-65 2021/05/15 v3.1.9a (3.1.9a)
\pgf@nodesepstart=\dimen289
\pgf@nodesepend=\dimen290
) (/usr/local/texlive/2022/texmf-dist/tex/latex/pgf/compatibility/pgfcomp-version-1-18.sty
Package: pgfcomp-version-1-18 2021/05/15 v3.1.9a (3.1.9a)
))
LaTeX Info: Redefining \mod on input line 12.
\c@theorem=\count306
 (/usr/local/texlive/2022/texmf-dist/tex/latex/l3backend/l3backend-pdftex.def
File: l3backend-pdftex.def 2022-02-07 L3 backend support: PDF output (pdfTeX)
\l__color_backend_stack_int=\count307
\l__pdf_internal_box=\box67
) (./Diamantis-Hoffstein-Lee-Twiss2024subconvexity.aux)
\openout1 = `Diamantis-Hoffstein-Lee-Twiss2024subconvexity.aux'.

LaTeX Font Info:    Checking defaults for OML/cmm/m/it on input line 156.
LaTeX Font Info:    ... okay on input line 156.
LaTeX Font Info:    Checking defaults for OMS/cmsy/m/n on input line 156.
LaTeX Font Info:    ... okay on input line 156.
LaTeX Font Info:    Checking defaults for OT1/cmr/m/n on input line 156.
LaTeX Font Info:    ... okay on input line 156.
LaTeX Font Info:    Checking defaults for T1/cmr/m/n on input line 156.
LaTeX Font Info:    ... okay on input line 156.
LaTeX Font Info:    Checking defaults for TS1/cmr/m/n on input line 156.
LaTeX Font Info:    ... okay on input line 156.
LaTeX Font Info:    Checking defaults for OMX/cmex/m/n on input line 156.
LaTeX Font Info:    ... okay on input line 156.
LaTeX Font Info:    Checking defaults for U/cmr/m/n on input line 156.
LaTeX Font Info:    ... okay on input line 156.
LaTeX Font Info:    Checking defaults for PD1/pdf/m/n on input line 156.
LaTeX Font Info:    ... okay on input line 156.
LaTeX Font Info:    Checking defaults for PU/pdf/m/n on input line 156.
LaTeX Font Info:    ... okay on input line 156.
LaTeX Font Info:    Trying to load font information for U+msa on input line 156.
 (/usr/local/texlive/2022/texmf-dist/tex/latex/amsfonts/umsa.fd
File: umsa.fd 2013/01/14 v3.01 AMS symbols A
)
LaTeX Font Info:    Trying to load font information for U+msb on input line 156.
 (/usr/local/texlive/2022/texmf-dist/tex/latex/amsfonts/umsb.fd
File: umsb.fd 2013/01/14 v3.01 AMS symbols B
)
Package hyperref Info: Link coloring OFF on input line 156.
 (/usr/local/texlive/2022/texmf-dist/tex/latex/hyperref/nameref.sty
Package: nameref 2021-04-02 v2.47 Cross-referencing by name of section
 (/usr/local/texlive/2022/texmf-dist/tex/latex/refcount/refcount.sty
Package: refcount 2019/12/15 v3.6 Data extraction from label references (HO)
) (/usr/local/texlive/2022/texmf-dist/tex/generic/gettitlestring/gettitlestring.sty
Package: gettitlestring 2019/12/15 v1.6 Cleanup title references (HO)
)
\c@section@level=\count308
)
LaTeX Info: Redefining \ref on input line 156.
LaTeX Info: Redefining \pageref on input line 156.
LaTeX Info: Redefining \nameref on input line 156.
 (./Diamantis-Hoffstein-Lee-Twiss2024subconvexity.out) (./Diamantis-Hoffstein-Lee-Twiss2024subconvexity.out)
\@outlinefile=\write5
\openout5 = `Diamantis-Hoffstein-Lee-Twiss2024subconvexity.out'.

Package xypdf Info: Line width: 0.43799pt on input line 156.
 (/usr/local/texlive/2022/texmf-dist/tex/context/base/mkii/supp-pdf.mkii
[Loading MPS to PDF converter (version 2006.09.02).]
\scratchcounter=\count309
\scratchdimen=\dimen291
\scratchbox=\box68
\nofMPsegments=\count310
\nofMParguments=\count311
\everyMPshowfont=\toks55
\MPscratchCnt=\count312
\MPscratchDim=\dimen292
\MPnumerator=\count313
\makeMPintoPDFobject=\count314
\everyMPtoPDFconversion=\toks56
) (/usr/local/texlive/2022/texmf-dist/tex/latex/epstopdf-pkg/epstopdf-base.sty
Package: epstopdf-base 2020-01-24 v2.11 Base part for package epstopdf
Package epstopdf-base Info: Redefining graphics rule for `.eps' on input line 485.
 (/usr/local/texlive/2022/texmf-dist/tex/latex/latexconfig/epstopdf-sys.cfg
File: epstopdf-sys.cfg 2010/07/13 v1.3 Configuration of (r)epstopdf for TeX Live
)) (./Diamantis-Hoffstein-Lee-Twiss2024subconvexity.toc)
\tf@toc=\write6
\openout6 = `Diamantis-Hoffstein-Lee-Twiss2024subconvexity.toc'.

 [1{/usr/local/texlive/2022/texmf-var/fonts/map/pdftex/updmap/pdftex.map}] [2] (./Diamantis-Hoffstein-Lee-Twiss2024subconvexity.aux)
Package rerunfilecheck Info: File `Diamantis-Hoffstein-Lee-Twiss2024subconvexity.out' has not changed.
(rerunfilecheck)             Checksum: D043AD0CE3729BAA295215A2AFCDD0CE;2346.
 ) 
Here is how much of TeX's memory you used:
 20859 strings out of 478268
 356132 string characters out of 5846347
 674178 words of memory out of 5000000
 38513 multiletter control sequences out of 15000+600000
 479221 words of font info for 70 fonts, out of 8000000 for 9000
 1302 hyphenation exceptions out of 8191
 85i,5n,90p,1573b,349s stack positions out of 10000i,1000n,20000p,200000b,200000s
</usr/local/texlive/2022/texmf-dist/fonts/type1/public/amsfonts/cm/cmbx10.pfb></usr/local/texlive/2022/texmf-dist/fonts/type1/public/amsfonts/cm/cmcsc10.pfb></usr/local/texlive/2022/texmf-dist/fonts/type1/public/amsfonts/cm/cmex10.pfb></usr/local/texlive/2022/texmf-dist/fonts/type1/public/amsfonts/cm/cmmi10.pfb></usr/local/texlive/2022/texmf-dist/fonts/type1/public/amsfonts/cm/cmmi6.pfb></usr/local/texlive/2022/texmf-dist/fonts/type1/public/amsfonts/cm/cmmi8.pfb></usr/local/texlive/2022/texmf-dist/fonts/type1/public/amsfonts/cm/cmr10.pfb></usr/local/texlive/2022/texmf-dist/fonts/type1/public/amsfonts/cm/cmr6.pfb></usr/local/texlive/2022/texmf-dist/fonts/type1/public/amsfonts/cm/cmr8.pfb></usr/local/texlive/2022/texmf-dist/fonts/type1/public/amsfonts/cm/cmr9.pfb></usr/local/texlive/2022/texmf-dist/fonts/type1/public/amsfonts/cm/cmsy10.pfb></usr/local/texlive/2022/texmf-dist/fonts/type1/public/amsfonts/cm/cmti10.pfb></usr/local/texlive/2022/texmf-dist/fonts/type1/public/amsfonts/symbols/msbm10.pfb>
Output written on Diamantis-Hoffstein-Lee-Twiss2024subconvexity.pdf (2 pages, 154938 bytes).
PDF statistics:
 168 PDF objects out of 1000 (max. 8388607)
 136 compressed objects within 2 object streams
 20 named destinations out of 1000 (max. 500000)
 133 words of extra memory for PDF output out of 10000 (max. 10000000)

